<?xml version="1.0" encoding="UTF-8"?>
<!-- Generated by org.testng.reporters.JUnitReportReporter -->
<testsuite hostname="Murali" failures="0" tests="1" name="Test.RevenueCalculator_TC" time="28.477" errors="0" timestamp="2024-11-29T19:36:30 IST" skipped="0">
  <testcase classname="Test.RevenueCalculator_TC" name="revenueCalculatorTest" time="28.477"/>
</testsuite> <!-- Test.RevenueCalculator_TC -->
